
info	2022-03-23 10:58:18	GET Request to /api/cinemas/
info	2022-03-23 10:58:30	GET Request to /api/movies-by-cinema/1
info	2022-03-23 10:58:40	GET Request to /api/movies-by-cinema/123432432
info	2022-03-23 10:58:40	Resource with cinemaId 123432432 not found
info	2022-03-23 11:00:36	POST Request to /api/movies/
info	2022-03-23 11:00:36	Route not found
info	2022-03-23 11:01:14	POST Request to /api/movies/
info	2022-03-23 11:01:14	Route not found
info	2022-03-23 11:01:43	POST Request to /api/movies/
info	2022-03-23 11:03:13	POST Request to /api/movies/
info	2022-03-23 11:04:01	DELETE Request to /api/movies/4
info	2022-03-23 11:04:01	Resource with movieId 4 not found
info	2022-03-23 11:04:16	GET Request to /api/movies-by-cinema/1
info	2022-03-23 11:04:25	DELETE Request to /api/movies/5
info	2022-03-23 11:04:33	GET Request to /api/movies-by-cinema/1
info	2022-03-23 11:04:56	POST Request to /api/products/
info	2022-03-23 11:04:56	Route not found
info	2022-03-23 11:05:06	POST Request to /api/movies/
info	2022-03-23 11:05:06	"movieTime" must be a valid date. "duration" must be a number
info	2022-03-23 11:05:14	POST Request to /api/movies/
info	2022-03-23 11:05:14	"cinemaId" must be a number. "movieTime" must be a valid date. "duration" must be a number
info	2022-03-23 11:05:35	POST Request to /api/movies/
info	2022-03-23 11:05:35	"movieId" is not allowed. "movieTime" must be a valid date. "duration" must be a number
info	2022-03-23 11:05:47	POST Request to /api/movies/
info	2022-03-23 11:05:47	"movieTime" must be a valid date. "duration" must be a number
info	2022-03-23 11:06:04	DELETE Request to /api/movies/432424
info	2022-03-23 11:06:04	Resource with movieId 432424 not found
info	2022-03-23 11:38:07	GET Request to /api/cinemas/
info	2022-03-23 11:38:09	GET Request to /api/movies-by-cinema/1
info	2022-03-23 11:38:12	GET Request to /api/movies-by-cinema/2
info	2022-03-23 11:38:12	Resource with cinemaId 2 not found
info	2022-03-23 11:38:14	GET Request to /api/movies-by-cinema/3
info	2022-03-23 11:38:16	GET Request to /api/movies-by-cinema/1
info	2022-03-23 11:40:38	GET Request to /api/movies-by-cinema/2
info	2022-03-23 11:40:38	Resource with cinemaId 2 not found
info	2022-03-23 11:40:40	GET Request to /api/movies-by-cinema/3
info	2022-03-23 11:40:42	GET Request to /api/movies-by-cinema/1
info	2022-03-23 11:41:32	GET Request to /api/cinemas/
info	2022-03-23 11:41:38	GET Request to /api/movies-by-cinema/3
info	2022-03-23 11:41:39	GET Request to /api/movies-by-cinema/1
info	2022-03-23 11:41:47	GET Request to /api/cinemas/
info	2022-03-23 11:42:14	GET Request to /api/cinemas/
info	2022-03-23 11:42:21	GET Request to /api/movies-by-cinema/1
info	2022-03-23 11:42:56	GET Request to /api/cinemas/
info	2022-03-23 11:42:59	GET Request to /api/cinemas/
info	2022-03-23 11:43:03	GET Request to /api/cinemas/
info	2022-03-23 11:43:15	GET Request to /api/cinemas/
info	2022-03-23 11:43:15	GET Request to /api/cinemas/
info	2022-03-23 11:43:18	GET Request to /api/cinemas/
info	2022-03-23 11:43:22	GET Request to /api/cinemas/
info	2022-03-23 11:43:39	GET Request to /api/cinemas/
info	2022-03-23 11:43:49	GET Request to /api/cinemas/
info	2022-03-23 11:43:58	GET Request to /api/cinemas/
info	2022-03-23 11:44:06	GET Request to /api/cinemas/
info	2022-03-23 11:44:11	GET Request to /api/cinemas/
info	2022-03-23 11:44:15	GET Request to /api/cinemas/
info	2022-03-23 11:44:15	GET Request to /api/cinemas/
info	2022-03-23 11:44:22	GET Request to /api/cinemas/
info	2022-03-23 11:44:25	GET Request to /api/cinemas/
info	2022-03-23 11:44:38	GET Request to /api/cinemas/
info	2022-03-23 11:44:38	GET Request to /api/cinemas/
info	2022-03-23 11:44:38	GET Request to /api/cinemas/
info	2022-03-23 11:44:38	GET Request to /api/cinemas/
info	2022-03-23 11:44:50	GET Request to /api/cinemas/
info	2022-03-23 11:44:50	GET Request to /api/cinemas/
info	2022-03-23 11:45:01	GET Request to /api/cinemas/
info	2022-03-23 11:45:03	GET Request to /api/cinemas/
info	2022-03-23 11:45:13	GET Request to /api/cinemas/
info	2022-03-23 11:45:14	GET Request to /api/cinemas/
info	2022-03-23 11:45:23	GET Request to /api/cinemas/
info	2022-03-23 11:45:24	GET Request to /api/cinemas/
info	2022-03-23 11:45:24	GET Request to /api/cinemas/
info	2022-03-23 11:45:28	GET Request to /api/cinemas/
info	2022-03-23 11:45:29	GET Request to /api/cinemas/
info	2022-03-23 11:45:29	GET Request to /api/cinemas/
info	2022-03-23 11:45:37	GET Request to /api/cinemas/
info	2022-03-23 11:45:46	GET Request to /api/cinemas/
info	2022-03-23 11:45:46	GET Request to /api/cinemas/
info	2022-03-23 11:45:49	GET Request to /api/cinemas/
info	2022-03-23 11:46:02	GET Request to /api/cinemas/
info	2022-03-23 11:46:02	GET Request to /api/cinemas/
info	2022-03-23 11:46:02	GET Request to /api/cinemas/
info	2022-03-23 11:46:12	GET Request to /api/cinemas/
info	2022-03-23 11:46:16	GET Request to /api/cinemas/
info	2022-03-23 11:46:17	GET Request to /api/cinemas/
info	2022-03-23 11:46:19	GET Request to /api/cinemas/
info	2022-03-23 11:46:35	GET Request to /api/cinemas/
info	2022-03-23 11:46:38	GET Request to /api/cinemas/
info	2022-03-23 11:46:40	GET Request to /api/cinemas/
info	2022-03-23 11:46:43	GET Request to /api/cinemas/
info	2022-03-23 11:46:44	GET Request to /api/cinemas/
info	2022-03-23 11:46:46	GET Request to /api/cinemas/
info	2022-03-23 11:46:51	GET Request to /api/cinemas/
info	2022-03-23 11:46:53	GET Request to /api/cinemas/
info	2022-03-23 11:46:53	GET Request to /api/cinemas/
info	2022-03-23 11:46:58	GET Request to /api/cinemas/
info	2022-03-23 11:46:59	GET Request to /api/cinemas/
info	2022-03-23 11:47:05	GET Request to /api/cinemas/
info	2022-03-23 11:47:05	GET Request to /api/cinemas/
info	2022-03-23 11:47:05	GET Request to /api/cinemas/
info	2022-03-23 11:47:16	GET Request to /api/cinemas/
info	2022-03-23 11:47:17	GET Request to /api/cinemas/
info	2022-03-23 11:47:17	GET Request to /api/cinemas/
info	2022-03-23 11:47:21	GET Request to /api/cinemas/
info	2022-03-23 11:47:21	GET Request to /api/cinemas/
info	2022-03-23 11:47:24	GET Request to /api/cinemas/
info	2022-03-23 11:47:25	GET Request to /api/cinemas/
info	2022-03-23 11:47:29	GET Request to /api/cinemas/
info	2022-03-23 11:48:24	GET Request to /api/cinemas/
info	2022-03-23 11:48:31	GET Request to /api/cinemas/
info	2022-03-23 11:48:41	GET Request to /api/cinemas/
info	2022-03-23 11:48:49	GET Request to /api/cinemas/
info	2022-03-23 11:50:03	GET Request to /api/cinemas/
info	2022-03-23 11:50:59	GET Request to /api/cinemas/
info	2022-03-23 11:51:04	GET Request to /api/movies-by-cinema/1
info	2022-03-23 11:51:26	GET Request to /api/cinemas/
info	2022-03-23 11:51:29	GET Request to /api/movies-by-cinema/1
info	2022-03-23 11:52:11	GET Request to /api/cinemas/
info	2022-03-23 11:52:13	GET Request to /api/movies-by-cinema/1
info	2022-03-23 11:52:33	GET Request to /api/cinemas/
info	2022-03-23 11:52:38	GET Request to /api/cinemas/
info	2022-03-23 11:52:46	GET Request to /api/cinemas/
info	2022-03-24 12:08:03	GET Request to /api/cinemas/
info	2022-03-24 12:09:20	GET Request to /api/cinemas/
info	2022-03-24 12:09:29	GET Request to /api/cinemas/
info	2022-03-24 12:09:51	GET Request to /api/cinemas/
info	2022-03-24 12:10:28	GET Request to /api/cinemas/
info	2022-03-24 12:12:39	GET Request to /api/cinemas/
info	2022-03-24 12:13:28	GET Request to /api/cinemas/
info	2022-03-24 12:13:38	POST Request to /api/movies/
info	2022-03-24 12:13:38	GET Request to /api/cinemas/
info	2022-03-24 12:13:40	GET Request to /api/movies-by-cinema/1
info	2022-03-24 12:13:47	DELETE Request to /api/movies/6
info	2022-03-24 12:13:49	GET Request to /api/movies-by-cinema/2
info	2022-03-24 12:13:49	Resource with cinemaId 2 not found
info	2022-03-24 12:13:51	GET Request to /api/movies-by-cinema/3
info	2022-03-24 12:13:54	GET Request to /api/cinemas/
info	2022-03-24 12:21:39	GET Request to /api/cinemas/
info	2022-03-24 12:21:40	GET Request to /api/movies-by-cinema/1
info	2022-03-24 01:19:50	GET Request to /api/cinemas/
info	2022-03-24 01:30:59	GET Request to /api/cinemas/
info	2022-03-24 01:31:04	GET Request to /api/cinemas/
info	2022-03-24 01:31:11	GET Request to /api/cinemas/
info	2022-03-24 01:41:17	GET Request to /api/cinemas/
info	2022-03-24 01:41:17	GET Request to /api/cinemas/
info	2022-03-24 01:41:26	GET Request to /api/cinemas/
info	2022-03-24 02:01:54	GET Request to /api/cinemas/
info	2022-03-24 02:01:56	GET Request to /api/movies-by-cinema/1
info	2022-03-24 02:02:14	GET Request to /api/cinemas/
info	2022-03-24 02:02:20	GET Request to /api/cinemas/
info	2022-03-24 02:02:21	GET Request to /api/movies-by-cinema/1
info	2022-03-24 11:45:43	GET Request to /api/cinemas/
info	2022-03-24 12:22:27	GET Request to /api/cinemas/
info	2022-03-24 12:22:28	GET Request to /api/movies-by-cinema/1
info	2022-03-24 12:22:29	GET Request to /api/movies-by-cinema/2
info	2022-03-24 12:22:29	Resource with cinemaId 2 not found
info	2022-03-24 12:22:31	GET Request to /api/movies-by-cinema/3
info	2022-03-24 12:22:34	GET Request to /api/cinemas/
info	2022-03-24 12:22:44	POST Request to /api/movies/
info	2022-03-24 12:22:44	"movieName" length must be at least 2 characters long
info	2022-03-24 12:22:51	POST Request to /api/movies/
info	2022-03-24 12:22:51	GET Request to /api/cinemas/
info	2022-03-24 12:22:53	GET Request to /api/movies-by-cinema/1
info	2022-03-24 12:22:57	DELETE Request to /api/movies/7
info	2022-03-24 01:06:03	GET Request to /api/cinemas/
info	2022-03-24 01:06:11	POST Request to /api/movies/
info	2022-03-24 01:06:11	GET Request to /api/cinemas/
info	2022-03-24 01:06:13	GET Request to /api/movies-by-cinema/1
info	2022-03-24 01:06:16	DELETE Request to /api/movies/8
info	2022-03-24 01:06:54	GET Request to /api/cinemas/
info	2022-03-24 01:06:55	GET Request to /api/cinemas/
info	2022-03-24 01:06:55	GET Request to /api/cinemas/
info	2022-03-24 01:06:59	GET Request to /api/cinemas/
info	2022-03-24 01:07:05	GET Request to /api/cinemas/
info	2022-03-24 01:07:17	POST Request to /api/movies/
info	2022-03-24 01:07:17	GET Request to /api/cinemas/
info	2022-03-24 01:07:19	GET Request to /api/movies-by-cinema/1
info	2022-03-24 01:07:24	DELETE Request to /api/movies/9
info	2022-03-24 01:08:26	GET Request to /api/cinemas/
info	2022-03-24 01:08:27	GET Request to /api/cinemas/
info	2022-03-24 01:08:29	GET Request to /api/cinemas/
info	2022-03-24 02:46:23	GET Request to /api/cinemas/
info	2022-03-24 02:48:23	GET Request to /api/cinemas/
info	2022-03-24 02:48:54	GET Request to /api/cinemas/
info	2022-03-24 02:49:05	GET Request to /api/cinemas/
